<?xml version="1.0" encoding="UTF-8"?>
<testsuite xmlns:xsi="http://www.w3.org/2001/XMLSchema-instance" xsi:noNamespaceSchemaLocation="https://maven.apache.org/surefire/maven-surefire-plugin/xsd/surefire-test-report-3.0.xsd" version="3.0" name="com.abhishek.catalog.HealthControllerTest" time="2.516" tests="1" errors="0" skipped="0" failures="0">
  <properties>
[...]
</properties>
  <testcase name="healthEndpointShouldReturnUp" classname="com.abhishek.catalog.HealthControllerTest" time="0.842">
    <system-out><![CDATA[08:38:59.661 [main] INFO org.springframework.test.context.support.AnnotationConfigContextLoaderUtils -- Could not detect default configuration classes for test class [com.abhishek.catalog.HealthControllerTest]: HealthControllerTest does not declare any static, non-private, non-final, nested classes annotated with @Configuration.
08:38:59.743 [main] INFO org.springframework.boot.test.context.SpringBootTestContextBootstrapper -- Found @SpringBootConfiguration com.abhishek.catalog.CatalogServiceApplication for test class com.abhishek.catalog.HealthControllerTest

  .   ____          _            __ _ _
 /\\ / ___'_ __ _ _(_)_ __  __ _ \ \ \ \
( ( )\___ | '_ | '_| | '_ \/ _` | \ \ \ \
 \\/  ___)| |_)| | | | | || (_| |  ) ) ) )
  '  |____| .__|_| |_|_| |_\__, | / / / /
 =========|_|==============|___/=/_/_/_/
 :: Spring Boot ::                (v3.2.5)

2025-11-26T08:39:00.052+05:30  INFO 12628 --- [           main] c.abhishek.catalog.HealthControllerTest  : Starting HealthControllerTest using Java 17.0.12 with PID 12628 (started by abhis in D:\SPRING_PROJECT_GPT\online_store_microservices\catalog-service)
2025-11-26T08:39:00.054+05:30  INFO 12628 --- [           main] c.abhishek.catalog.HealthControllerTest  : No active profile set, falling back to 1 default profile: "default"
2025-11-26T08:39:00.836+05:30  INFO 12628 --- [           main] o.s.b.w.embedded.tomcat.TomcatWebServer  : Tomcat initialized with port 0 (http)
2025-11-26T08:39:00.842+05:30  INFO 12628 --- [           main] o.apache.catalina.core.StandardService   : Starting service [Tomcat]
2025-11-26T08:39:00.842+05:30  INFO 12628 --- [           main] o.apache.catalina.core.StandardEngine    : Starting Servlet engine: [Apache Tomcat/10.1.20]
2025-11-26T08:39:00.882+05:30  INFO 12628 --- [           main] o.a.c.c.C.[Tomcat].[localhost].[/]       : Initializing Spring embedded WebApplicationContext
2025-11-26T08:39:00.882+05:30  INFO 12628 --- [           main] w.s.c.ServletWebServerApplicationContext : Root WebApplicationContext: initialization completed in 811 ms
2025-11-26T08:39:01.199+05:30  INFO 12628 --- [           main] o.s.b.w.embedded.tomcat.TomcatWebServer  : Tomcat started on port 60408 (http) with context path ''
2025-11-26T08:39:01.203+05:30  INFO 12628 --- [           main] c.abhishek.catalog.HealthControllerTest  : Started HealthControllerTest in 1.347 seconds (process running for 2.059)
2025-11-26T08:39:01.940+05:30  INFO 12628 --- [o-auto-1-exec-1] o.a.c.c.C.[Tomcat].[localhost].[/]       : Initializing Spring DispatcherServlet 'dispatcherServlet'
2025-11-26T08:39:01.940+05:30  INFO 12628 --- [o-auto-1-exec-1] o.s.web.servlet.DispatcherServlet        : Initializing Servlet 'dispatcherServlet'
2025-11-26T08:39:01.940+05:30  INFO 12628 --- [o-auto-1-exec-1] o.s.web.servlet.DispatcherServlet        : Completed initialization in 0 ms
]]></system-out>
  </testcase>
</testsuite>